F:\LIBRARY\LIB-UTILS\UTILS\WINUTIL\DEBUG\WINUTIL.DLL
F:\library\lib-utils\utils\winutil\Debug\winutil.exp
F:\LIBRARY\LIB-UTILS\UTILS\WINUTIL\DEBUG\WINUTIL.ILK
F:\library\lib-utils\utils\winutil\Debug\winutil.lib
F:\LIBRARY\LIB-UTILS\UTILS\WINUTIL\DEBUG\WINUTIL.PDB
F:\LIBRARY\LIB-UTILS\UTILS\WINUTIL\WINUTIL\DEBUG\APIHOOK.OBJ
F:\library\lib-utils\utils\winutil\winutil\Debug\app.xml
F:\LIBRARY\LIB-UTILS\UTILS\WINUTIL\WINUTIL\DEBUG\ASYNCSERVER.OBJ
F:\LIBRARY\LIB-UTILS\UTILS\WINUTIL\WINUTIL\DEBUG\BITMAP.OBJ
F:\library\lib-utils\utils\winutil\winutil\Debug\cl.command.1.tlog
F:\library\lib-utils\utils\winutil\winutil\Debug\CL.read.1.tlog
F:\library\lib-utils\utils\winutil\winutil\Debug\CL.write.1.tlog
F:\LIBRARY\LIB-UTILS\UTILS\WINUTIL\WINUTIL\DEBUG\CLIENTSOCKET.OBJ
F:\LIBRARY\LIB-UTILS\UTILS\WINUTIL\WINUTIL\DEBUG\COUNTDOWNLATCH.OBJ
F:\LIBRARY\LIB-UTILS\UTILS\WINUTIL\WINUTIL\DEBUG\CRITICALSECTION.OBJ
F:\LIBRARY\LIB-UTILS\UTILS\WINUTIL\WINUTIL\DEBUG\DELEGATE.OBJ
F:\LIBRARY\LIB-UTILS\UTILS\WINUTIL\WINUTIL\DEBUG\EVENT.OBJ
F:\LIBRARY\LIB-UTILS\UTILS\WINUTIL\WINUTIL\DEBUG\FILE.OBJ
F:\LIBRARY\LIB-UTILS\UTILS\WINUTIL\WINUTIL\DEBUG\INIHELPER.OBJ
F:\library\lib-utils\utils\winutil\winutil\Debug\link.11580.read.1.tlog
F:\library\lib-utils\utils\winutil\winutil\Debug\link.11580.write.1.tlog
F:\library\lib-utils\utils\winutil\winutil\Debug\link.11580-cvtres.read.1.tlog
F:\library\lib-utils\utils\winutil\winutil\Debug\link.11580-cvtres.write.1.tlog
F:\library\lib-utils\utils\winutil\winutil\Debug\link.14628.read.1.tlog
F:\library\lib-utils\utils\winutil\winutil\Debug\link.14628.write.1.tlog
F:\library\lib-utils\utils\winutil\winutil\Debug\link.14628-cvtres.read.1.tlog
F:\library\lib-utils\utils\winutil\winutil\Debug\link.14628-cvtres.write.1.tlog
F:\library\lib-utils\utils\winutil\winutil\Debug\link.19664.read.1.tlog
F:\library\lib-utils\utils\winutil\winutil\Debug\link.19664.write.1.tlog
F:\library\lib-utils\utils\winutil\winutil\Debug\link.19664-cvtres.read.1.tlog
F:\library\lib-utils\utils\winutil\winutil\Debug\link.19664-cvtres.write.1.tlog
F:\library\lib-utils\utils\winutil\winutil\Debug\link.3404.read.1.tlog
F:\library\lib-utils\utils\winutil\winutil\Debug\link.3404.write.1.tlog
F:\library\lib-utils\utils\winutil\winutil\Debug\link.3404-cvtres.read.1.tlog
F:\library\lib-utils\utils\winutil\winutil\Debug\link.3404-cvtres.write.1.tlog
F:\library\lib-utils\utils\winutil\winutil\Debug\link.39424.read.1.tlog
F:\library\lib-utils\utils\winutil\winutil\Debug\link.39424.write.1.tlog
F:\library\lib-utils\utils\winutil\winutil\Debug\link.39424-cvtres.read.1.tlog
F:\library\lib-utils\utils\winutil\winutil\Debug\link.39424-cvtres.write.1.tlog
F:\library\lib-utils\utils\winutil\winutil\Debug\link.9476.read.1.tlog
F:\library\lib-utils\utils\winutil\winutil\Debug\link.9476.write.1.tlog
F:\library\lib-utils\utils\winutil\winutil\Debug\link.9476-cvtres.read.1.tlog
F:\library\lib-utils\utils\winutil\winutil\Debug\link.9476-cvtres.write.1.tlog
F:\library\lib-utils\utils\winutil\winutil\Debug\link.command.1.tlog
F:\library\lib-utils\utils\winutil\winutil\Debug\link.read.1.tlog
F:\library\lib-utils\utils\winutil\winutil\Debug\link.write.1.tlog
F:\library\lib-utils\utils\winutil\winutil\Debug\link-cvtres.read.1.tlog
F:\library\lib-utils\utils\winutil\winutil\Debug\link-cvtres.write.1.tlog
F:\library\lib-utils\utils\winutil\winutil\Debug\mt.command.1.tlog
F:\library\lib-utils\utils\winutil\winutil\Debug\mt.read.1.tlog
F:\library\lib-utils\utils\winutil\winutil\Debug\mt.write.1.tlog
F:\LIBRARY\LIB-UTILS\UTILS\WINUTIL\WINUTIL\DEBUG\MUTEX.OBJ
F:\LIBRARY\LIB-UTILS\UTILS\WINUTIL\WINUTIL\DEBUG\PE.OBJ
F:\LIBRARY\LIB-UTILS\UTILS\WINUTIL\WINUTIL\DEBUG\PROCESS.OBJ
F:\library\lib-utils\utils\winutil\winutil\Debug\rc.command.1.tlog
F:\library\lib-utils\utils\winutil\winutil\Debug\rc.read.1.tlog
F:\library\lib-utils\utils\winutil\winutil\Debug\rc.write.1.tlog
F:\LIBRARY\LIB-UTILS\UTILS\WINUTIL\WINUTIL\DEBUG\SEMAPHORE.OBJ
F:\LIBRARY\LIB-UTILS\UTILS\WINUTIL\WINUTIL\DEBUG\SERVERSOCKET.OBJ
F:\LIBRARY\LIB-UTILS\UTILS\WINUTIL\WINUTIL\DEBUG\SOCKET.OBJ
F:\LIBRARY\LIB-UTILS\UTILS\WINUTIL\WINUTIL\DEBUG\SOCKETEXCEPTION.OBJ
F:\LIBRARY\LIB-UTILS\UTILS\WINUTIL\WINUTIL\DEBUG\THREAD.OBJ
F:\LIBRARY\LIB-UTILS\UTILS\WINUTIL\WINUTIL\DEBUG\TOOLHELP.OBJ
F:\library\lib-utils\utils\winutil\winutil\Debug\vc100.idb
F:\LIBRARY\LIB-UTILS\UTILS\WINUTIL\WINUTIL\DEBUG\VC100.PDB
F:\LIBRARY\LIB-UTILS\UTILS\WINUTIL\WINUTIL\DEBUG\WINUTIL.DLL.EMBED.MANIFEST
F:\LIBRARY\LIB-UTILS\UTILS\WINUTIL\WINUTIL\DEBUG\WINUTIL.DLL.EMBED.MANIFEST.RES
F:\LIBRARY\LIB-UTILS\UTILS\WINUTIL\WINUTIL\DEBUG\WINUTIL.DLL.INTERMEDIATE.MANIFEST
F:\library\lib-utils\utils\winutil\winutil\Debug\winutil.exe.embed.manifest
F:\library\lib-utils\utils\winutil\winutil\Debug\winutil.exe.embed.manifest.res
F:\library\lib-utils\utils\winutil\winutil\Debug\winutil.exe.intermediate.manifest
F:\LIBRARY\LIB-UTILS\UTILS\WINUTIL\WINUTIL\DEBUG\WINUTIL.RES
F:\library\lib-utils\utils\winutil\winutil\Debug\winutil.vcxprojResolveAssemblyReference.cache
F:\library\lib-utils\utils\winutil\winutil\Debug\winutil.write.1.tlog
F:\library\lib-utils\utils\winutil\winutil\Debug\winutil_manifest.rc
