生成启动时间为 2014/4/27 18:29:37。
     1>项目“F:\library\lib-utils\utils\winutil\winutil\winutil.vcxproj”在节点 2 上(build 个目标)。
     1>InitializeBuildStatus:
         正在创建“Debug\winutil.unsuccessfulbuild”，因为已指定“AlwaysCreate”。
       ClCompile:
         D:\Program Files (x86)\Microsoft Visual Studio 10.0\VC\bin\CL.exe /c /ZI /nologo /W3 /WX- /Od /Oy- /D WIN32 /D _DEBUG /D _CONSOLE /D _WINDLL /D _MBCS /Gm /EHsc /RTC1 /MDd /GS /fp:precise /Zc:wchar_t /Zc:forScope /Fo"Debug\\" /Fd"Debug\vc100.pdb" /Gd /TP /analyze- /errorReport:prompt graphics\Bitmap.cpp
         Bitmap.cpp
       ResourceCompile:
         所有输出均为最新。
       ManifestResourceCompile:
         所有输出均为最新。
       Link:
         D:\Program Files (x86)\Microsoft Visual Studio 10.0\VC\bin\link.exe /ERRORREPORT:PROMPT /OUT:"F:\library\lib-utils\utils\winutil\Debug\winutil.dll" /INCREMENTAL /NOLOGO kernel32.lib user32.lib gdi32.lib winspool.lib comdlg32.lib advapi32.lib shell32.lib ole32.lib oleaut32.lib uuid.lib odbc32.lib odbccp32.lib /MANIFEST /ManifestFile:"Debug\winutil.dll.intermediate.manifest" /MANIFESTUAC:"level='asInvoker' uiAccess='false'" /DEBUG /PDB:"F:\library\lib-utils\utils\winutil\Debug\winutil.pdb" /SUBSYSTEM:CONSOLE /TLBID:1 /DYNAMICBASE /NXCOMPAT /IMPLIB:"F:\library\lib-utils\utils\winutil\Debug\winutil.lib" /MACHINE:X86 /DLL Debug\winutil.res
         Debug\winutil.dll.embed.manifest.res
         Debug\IniHelper.obj
         Debug\Bitmap.obj
         Debug\File.obj
         Debug\AsyncServer.obj
         Debug\ClientSocket.obj
         Debug\ServerSocket.obj
         Debug\Socket.obj
         Debug\SocketException.obj
         Debug\Process.obj
         Debug\CountDownLatch.obj
         Debug\CriticalSection.obj
         Debug\Event.obj
         Debug\Mutex.obj
         Debug\Semaphore.obj
         Debug\Thread.obj
         Debug\APIHook.obj
         Debug\PE.obj
         Debug\Toolhelp.obj
         Debug\Delegate.obj
            正在创建库 F:\library\lib-utils\utils\winutil\Debug\winutil.lib 和对象 F:\library\lib-utils\utils\winutil\Debug\winutil.exp
       Manifest:
         C:\Program Files (x86)\Microsoft SDKs\Windows\v7.0A\bin\mt.exe /nologo /verbose /out:"Debug\winutil.dll.embed.manifest" /manifest Debug\winutil.dll.intermediate.manifest
         所有输出均为最新。
       LinkEmbedManifest:
         所有输出均为最新。
         winutil.vcxproj -> F:\library\lib-utils\utils\winutil\Debug\winutil.dll
       FinalizeBuildStatus:
         正在删除文件“Debug\winutil.unsuccessfulbuild”。
         正在对“Debug\winutil.lastbuildstate”执行 Touch 任务。
     1>已完成生成项目“F:\library\lib-utils\utils\winutil\winutil\winutil.vcxproj”(build 个目标)的操作。

生成成功。

已用时间 00:00:02.22
